Remove Pin=J60-2 From Net=Data_Out_PWMH1
Remove Pin=J60-4 From Net=Data_Out_PWML1
Remove Pin=J60-6 From Net=Data_Out_PWMH2
Remove Pin=J60-8 From Net=Data_Out_PWML2
Remove Pin=J60-10 From Net=Data_Out_PWMH3
Remove Pin=J60-12 From Net=Data_Out_PWML3
Remove Pin=J60-14 From Net=Data_In_EncA
Remove Pin=J60-18 From Net=Data_In_EncB
Remove Pin=J60-20 From Net=Data_In_EncI
Remove Pin=J60-22 From Net=Signal_Vdc
Remove Pin=J60-24 From Net=Signal_Vsns1
Remove Pin=J60-26 From Net=Signal_Vsns2
Remove Pin=J60-28 From Net=Signal_Vsns3
Remove Pin=J60-32 From Net=Signal_Isns1
Remove Pin=J60-34 From Net=Signal_Isns2
Remove Pin=J60-36 From Net=Signal_Isns3
Remove Pin=RJ_Isns1-4 From Net=Signal_Isns1
Remove Pin=RJ_Isns2-4 From Net=Signal_Isns2
Remove Pin=RJ_Isns3-4 From Net=Signal_Isns3
Remove Pin=RJ_Vdc-4 From Net=Signal_Vdc
Remove Pin=RJ_Vsns1-4 From Net=Signal_Vsns1
Remove Pin=RJ_Vsns2-4 From Net=Signal_Vsns2
Remove Pin=RJ_Vsns3-4 From Net=Signal_Vsns3
