Change Component Footprint: Designator=C2_1 Old Footprint=0603 New Footprint=0603C
Change Component Footprint: Designator=C2_2 Old Footprint=0603 New Footprint=0603C
Change Component Footprint: Designator=C2_3 Old Footprint=0603 New Footprint=0603C
Change Component Footprint: Designator=C2_4 Old Footprint=0603 New Footprint=0603C
Change Component Footprint: Designator=C2_5 Old Footprint=0603 New Footprint=0603C
Change Component Footprint: Designator=C2_6 Old Footprint=0603 New Footprint=0603C
Change Component Footprint: Designator=C3_1 Old Footprint=0603 New Footprint=0603C
Change Component Footprint: Designator=C3_2 Old Footprint=0603 New Footprint=0603C
Change Component Footprint: Designator=C3_3 Old Footprint=0603 New Footprint=0603C
Change Component Footprint: Designator=C3_4 Old Footprint=0603 New Footprint=0603C
Change Component Footprint: Designator=C3_5 Old Footprint=0603 New Footprint=0603C
Change Component Footprint: Designator=C3_6 Old Footprint=0603 New Footprint=0603C
Change Component Footprint: Designator=C5_1 Old Footprint=0603 New Footprint=0603C
Change Component Footprint: Designator=C5_2 Old Footprint=0603 New Footprint=0603C
Change Component Footprint: Designator=C5_3 Old Footprint=0603 New Footprint=0603C
Change Component Footprint: Designator=C6_1 Old Footprint=0603 New Footprint=0603C
Change Component Footprint: Designator=C6_2 Old Footprint=0603 New Footprint=0603C
Change Component Footprint: Designator=C6_3 Old Footprint=0603 New Footprint=0603C
Change Component Footprint: Designator=C_J1 Old Footprint=0603 New Footprint=0603C
Change Component Footprint: Designator=R1_1 Old Footprint=0603 New Footprint=0603R
Change Component Footprint: Designator=R1_2 Old Footprint=0603 New Footprint=0603R
Change Component Footprint: Designator=R1_3 Old Footprint=0603 New Footprint=0603R
Change Component Footprint: Designator=R2_1 Old Footprint=0603 New Footprint=0603R
Change Component Footprint: Designator=R2_2 Old Footprint=0603 New Footprint=0603R
Change Component Footprint: Designator=R2_3 Old Footprint=0603 New Footprint=0603R
Change Component Footprint: Designator=R2_4 Old Footprint=0603 New Footprint=0603R
Change Component Footprint: Designator=R2_5 Old Footprint=0603 New Footprint=0603R
Change Component Footprint: Designator=R3_1 Old Footprint=0603 New Footprint=0603R
Change Component Footprint: Designator=R3_2 Old Footprint=0603 New Footprint=0603R
Change Component Footprint: Designator=R3_3 Old Footprint=0603 New Footprint=0603R
Change Component Footprint: Designator=R_GND Old Footprint=0603 New Footprint=0603R
Change Component Footprint: Designator=R_Isns1 Old Footprint=0603 New Footprint=0603R
Change Component Footprint: Designator=R_Isns2 Old Footprint=0603 New Footprint=0603R
Change Component Footprint: Designator=R_Isns3 Old Footprint=0603 New Footprint=0603R
Change Component Footprint: Designator=R_Shield Old Footprint=0603 New Footprint=0603R
Change Component Footprint: Designator=R_Vdc Old Footprint=0603 New Footprint=0603R
Change Component Footprint: Designator=R_Vsns1 Old Footprint=0603 New Footprint=0603R
Change Component Footprint: Designator=R_Vsns2 Old Footprint=0603 New Footprint=0603R
Change Component Footprint: Designator=R_Vsns3 Old Footprint=0603 New Footprint=0603R
