Added Component: Designator=AFBR-RX_1(AFBR-TX/RX-HORIZONTAL)
Added Component: Designator=AFBR-RX_2(AFBR-TX/RX-HORIZONTAL)
Added Component: Designator=AFBR-RX_3(AFBR-TX/RX-HORIZONTAL)
Added Component: Designator=AFBR-RX_4(AFBR-TX/RX-HORIZONTAL)
Added Component: Designator=AFBR-RX_5(AFBR-TX/RX-HORIZONTAL)
Added Component: Designator=AFBR-RX_6(AFBR-TX/RX-HORIZONTAL)
Added Component: Designator=AFBR-TX_1(AFBR-TX/RX-HORIZONTAL)
Added Component: Designator=AFBR-TX_2(AFBR-TX/RX-HORIZONTAL)
Added Component: Designator=AFBR-TX_3(AFBR-TX/RX-HORIZONTAL)
Added Component: Designator=C1_1(1206)
Added Component: Designator=C1_2(1206)
Added Component: Designator=C1_3(1206)
Added Component: Designator=C1_4(1206)
Added Component: Designator=C1_5(1206)
Added Component: Designator=C1_6(1206)
Added Component: Designator=C2_1(0603)
Added Component: Designator=C2_2(0603)
Added Component: Designator=C2_3(0603)
Added Component: Designator=C2_4(0603)
Added Component: Designator=C2_5(0603)
Added Component: Designator=C2_6(0603)
Added Component: Designator=C3_1(0603)
Added Component: Designator=C3_2(0603)
Added Component: Designator=C3_3(0603)
Added Component: Designator=C3_4(0603)
Added Component: Designator=C3_5(0603)
Added Component: Designator=C3_6(0603)
Added Component: Designator=C4_1(1206)
Added Component: Designator=C4_2(1206)
Added Component: Designator=C4_3(1206)
Added Component: Designator=C5_1(0603)
Added Component: Designator=C5_2(0603)
Added Component: Designator=C5_3(0603)
Added Component: Designator=C6_1(0603)
Added Component: Designator=C6_2(0603)
Added Component: Designator=C6_3(0603)
Added Component: Designator=C_J1(0603)
Added Component: Designator=D_J1(Mini MELF - D)
Added Component: Designator=GND_3_1(PK)
Add component (AddParameter): Name = "ClassName"; Value = "Mechanical"; VariantName = "[No Variations]"
Added Component: Designator=GND_3_2(PK)
Add component (AddParameter): Name = "ClassName"; Value = "Mechanical"; VariantName = "[No Variations]"
Added Component: Designator=GND_3_3(PK)
Add component (AddParameter): Name = "ClassName"; Value = "Mechanical"; VariantName = "[No Variations]"
Added Component: Designator=GND_6_1(PK)
Add component (AddParameter): Name = "ClassName"; Value = "Mechanical"; VariantName = "[No Variations]"
Added Component: Designator=GND_6_2(PK)
Add component (AddParameter): Name = "ClassName"; Value = "Mechanical"; VariantName = "[No Variations]"
Added Component: Designator=GND_6_3(PK)
Add component (AddParameter): Name = "ClassName"; Value = "Mechanical"; VariantName = "[No Variations]"
Added Component: Designator=GND_6_4(PK)
Add component (AddParameter): Name = "ClassName"; Value = "Mechanical"; VariantName = "[No Variations]"
Added Component: Designator=GND_6_5(PK)
Add component (AddParameter): Name = "ClassName"; Value = "Mechanical"; VariantName = "[No Variations]"
Added Component: Designator=GND_6_6(PK)
Add component (AddParameter): Name = "ClassName"; Value = "Mechanical"; VariantName = "[No Variations]"
Added Component: Designator=J1(TBG2-3.5MM_H)
Add component (AddParameter): Name = "PartNumber"; Value = ""; VariantName = "[No Variations]"
Added Component: Designator=J60(J60_Connector)
Added Component: Designator=MES_6_1(PK)
Add component (AddParameter): Name = "ClassName"; Value = "Mechanical"; VariantName = "[No Variations]"
Added Component: Designator=MES_6_2(PK)
Add component (AddParameter): Name = "ClassName"; Value = "Mechanical"; VariantName = "[No Variations]"
Added Component: Designator=MES_6_3(PK)
Add component (AddParameter): Name = "ClassName"; Value = "Mechanical"; VariantName = "[No Variations]"
Added Component: Designator=MES_6_4(PK)
Add component (AddParameter): Name = "ClassName"; Value = "Mechanical"; VariantName = "[No Variations]"
Added Component: Designator=MES_6_5(PK)
Add component (AddParameter): Name = "ClassName"; Value = "Mechanical"; VariantName = "[No Variations]"
Added Component: Designator=MES_6_6(PK)
Add component (AddParameter): Name = "ClassName"; Value = "Mechanical"; VariantName = "[No Variations]"
Added Component: Designator=MES_?_1(PK)
Add component (AddParameter): Name = "ClassName"; Value = "Mechanical"; VariantName = "[No Variations]"
Added Component: Designator=MES_?_2(PK)
Add component (AddParameter): Name = "ClassName"; Value = "Mechanical"; VariantName = "[No Variations]"
Added Component: Designator=MES_?_3(PK)
Add component (AddParameter): Name = "ClassName"; Value = "Mechanical"; VariantName = "[No Variations]"
Added Component: Designator=R2_1(0603)
Added Component: Designator=R2_2(0603)
Added Component: Designator=R2_3(0603)
Added Component: Designator=R2_4(0603)
Added Component: Designator=R2_5(0603)
Added Component: Designator=R2_6(0603)
Added Component: Designator=R3_1(0603)
Added Component: Designator=R3_2(0603)
Added Component: Designator=R3_3(0603)
Added Component: Designator=R?_1(0603)
Added Component: Designator=R?_2(0603)
Added Component: Designator=R?_3(0603)
Added Component: Designator=R_Isns1(0603)
Added Component: Designator=R_Isns2(0603)
Added Component: Designator=R_Isns3(0603)
Added Component: Designator=R_Shield(0603)
Added Component: Designator=R_Vdc(0603)
Added Component: Designator=R_Vsns1(0603)
Added Component: Designator=R_Vsns2(0603)
Added Component: Designator=R_Vsns3(0603)
Added Component: Designator=RJ_Isns1(4-338088)
Added Component: Designator=RJ_Isns2(4-338088)
Added Component: Designator=RJ_Isns3(4-338088)
Added Component: Designator=RJ_Vdc(4-338088)
Added Component: Designator=RJ_Vsns1(4-338088)
Added Component: Designator=RJ_Vsns2(4-338088)
Added Component: Designator=RJ_Vsns3(4-338088)
Added Pin To Net: NetName=3.3V Pin=AFBR-RX_1-3
Added Pin To Net: NetName=3.3V Pin=AFBR-RX_2-3
Added Pin To Net: NetName=3.3V Pin=AFBR-RX_3-3
Added Pin To Net: NetName=3.3V Pin=AFBR-RX_4-3
Added Pin To Net: NetName=3.3V Pin=AFBR-RX_5-3
Added Pin To Net: NetName=3.3V Pin=AFBR-RX_6-3
Added Pin To Net: NetName=3.3V Pin=AFBR-TX_1-1
Added Pin To Net: NetName=3.3V Pin=AFBR-TX_2-1
Added Pin To Net: NetName=3.3V Pin=AFBR-TX_3-1
Added Pin To Net: NetName=3.3V Pin=C1_1-1
Added Pin To Net: NetName=3.3V Pin=C1_2-1
Added Pin To Net: NetName=3.3V Pin=C1_3-1
Added Pin To Net: NetName=3.3V Pin=C1_4-1
Added Pin To Net: NetName=3.3V Pin=C1_5-1
Added Pin To Net: NetName=3.3V Pin=C1_6-1
Added Pin To Net: NetName=3.3V Pin=C2_1-1
Added Pin To Net: NetName=3.3V Pin=C2_2-1
Added Pin To Net: NetName=3.3V Pin=C2_3-1
Added Pin To Net: NetName=3.3V Pin=C2_4-1
Added Pin To Net: NetName=3.3V Pin=C2_5-1
Added Pin To Net: NetName=3.3V Pin=C2_6-1
Added Pin To Net: NetName=3.3V Pin=C4_1-1
Added Pin To Net: NetName=3.3V Pin=C4_2-1
Added Pin To Net: NetName=3.3V Pin=C4_3-1
Added Pin To Net: NetName=3.3V Pin=C5_1-1
Added Pin To Net: NetName=3.3V Pin=C5_2-1
Added Pin To Net: NetName=3.3V Pin=C5_3-1
Added Pin To Net: NetName=3.3V Pin=R3_1-2
Added Pin To Net: NetName=3.3V Pin=R3_2-2
Added Pin To Net: NetName=3.3V Pin=R3_3-2
Added Net: Name=3.3V
Add Net: Net with name "3.3V" already exists
Added Pin To Net: NetName=AGND Pin=J60-17
Added Pin To Net: NetName=AGND Pin=J60-19
Added Pin To Net: NetName=AGND Pin=J60-21
Added Pin To Net: NetName=AGND Pin=J60-23
Added Pin To Net: NetName=AGND Pin=J60-25
Added Pin To Net: NetName=AGND Pin=J60-27
Added Pin To Net: NetName=AGND Pin=J60-29
Added Pin To Net: NetName=AGND Pin=J60-31
Added Pin To Net: NetName=AGND Pin=J60-33
Added Pin To Net: NetName=AGND Pin=J60-35
Added Pin To Net: NetName=AGND Pin=R_Shield-2
Added Pin To Net: NetName=AGND Pin=RJ_Isns1-4
Added Pin To Net: NetName=AGND Pin=RJ_Isns2-4
Added Pin To Net: NetName=AGND Pin=RJ_Isns3-4
Added Pin To Net: NetName=AGND Pin=RJ_Vdc-4
Added Pin To Net: NetName=AGND Pin=RJ_Vsns1-4
Added Pin To Net: NetName=AGND Pin=RJ_Vsns2-4
Added Pin To Net: NetName=AGND Pin=RJ_Vsns3-4
Added Net: Name=AGND
Added Pin To Net: NetName=Data_In_EncA Pin=J60-14
Added Pin To Net: NetName=Data_In_EncA Pin=R3_1-1
Added Pin To Net: NetName=Data_In_EncA Pin=R?_1-2
Added Net: Name=Data_In_EncA
Added Pin To Net: NetName=Data_In_EncB Pin=J60-18
Added Pin To Net: NetName=Data_In_EncB Pin=R3_2-1
Added Pin To Net: NetName=Data_In_EncB Pin=R?_2-2
Added Net: Name=Data_In_EncB
Added Pin To Net: NetName=Data_In_EncI Pin=J60-20
Added Pin To Net: NetName=Data_In_EncI Pin=R3_3-1
Added Pin To Net: NetName=Data_In_EncI Pin=R?_3-2
Added Net: Name=Data_In_EncI
Added Pin To Net: NetName=Data_Out_PWMH1 Pin=C3_1-1
Added Pin To Net: NetName=Data_Out_PWMH1 Pin=MES_6_1-1
Added Pin To Net: NetName=Data_Out_PWMH1 Pin=R2_1-2
Added Net: Name=Data_Out_PWMH1
Added Pin To Net: NetName=Data_Out_PWMH2 Pin=C3_3-1
Added Pin To Net: NetName=Data_Out_PWMH2 Pin=MES_6_3-1
Added Pin To Net: NetName=Data_Out_PWMH2 Pin=R2_3-2
Added Net: Name=Data_Out_PWMH2
Added Pin To Net: NetName=Data_Out_PWMH3 Pin=C3_5-1
Added Pin To Net: NetName=Data_Out_PWMH3 Pin=J60-10
Added Pin To Net: NetName=Data_Out_PWMH3 Pin=MES_6_5-1
Added Pin To Net: NetName=Data_Out_PWMH3 Pin=R2_5-2
Added Net: Name=Data_Out_PWMH3
Added Pin To Net: NetName=Data_Out_PWML1 Pin=C3_2-1
Added Pin To Net: NetName=Data_Out_PWML1 Pin=MES_6_2-1
Added Pin To Net: NetName=Data_Out_PWML1 Pin=R2_2-2
Added Net: Name=Data_Out_PWML1
Added Pin To Net: NetName=Data_Out_PWML2 Pin=C3_4-1
Added Pin To Net: NetName=Data_Out_PWML2 Pin=MES_6_4-1
Added Pin To Net: NetName=Data_Out_PWML2 Pin=R2_4-2
Added Net: Name=Data_Out_PWML2
Added Pin To Net: NetName=Data_Out_PWML3 Pin=C3_6-1
Added Pin To Net: NetName=Data_Out_PWML3 Pin=J60-12
Added Pin To Net: NetName=Data_Out_PWML3 Pin=MES_6_6-1
Added Pin To Net: NetName=Data_Out_PWML3 Pin=R2_6-2
Added Net: Name=Data_Out_PWML3
Added Pin To Net: NetName=GND Pin=AFBR-RX_1-2
Added Pin To Net: NetName=GND Pin=AFBR-RX_1-5
Added Pin To Net: NetName=GND Pin=AFBR-RX_1-8
Added Pin To Net: NetName=GND Pin=AFBR-RX_2-2
Added Pin To Net: NetName=GND Pin=AFBR-RX_2-5
Added Pin To Net: NetName=GND Pin=AFBR-RX_2-8
Added Pin To Net: NetName=GND Pin=AFBR-RX_3-2
Added Pin To Net: NetName=GND Pin=AFBR-RX_3-5
Added Pin To Net: NetName=GND Pin=AFBR-RX_3-8
Added Pin To Net: NetName=GND Pin=AFBR-RX_4-2
Added Pin To Net: NetName=GND Pin=AFBR-RX_4-5
Added Pin To Net: NetName=GND Pin=AFBR-RX_4-8
Added Pin To Net: NetName=GND Pin=AFBR-RX_5-2
Added Pin To Net: NetName=GND Pin=AFBR-RX_5-5
Added Pin To Net: NetName=GND Pin=AFBR-RX_5-8
Added Pin To Net: NetName=GND Pin=AFBR-RX_6-2
Added Pin To Net: NetName=GND Pin=AFBR-RX_6-5
Added Pin To Net: NetName=GND Pin=AFBR-RX_6-8
Added Pin To Net: NetName=GND Pin=AFBR-TX_1-3
Added Pin To Net: NetName=GND Pin=AFBR-TX_1-5
Added Pin To Net: NetName=GND Pin=AFBR-TX_1-8
Added Pin To Net: NetName=GND Pin=AFBR-TX_2-3
Added Pin To Net: NetName=GND Pin=AFBR-TX_2-5
Added Pin To Net: NetName=GND Pin=AFBR-TX_2-8
Added Pin To Net: NetName=GND Pin=AFBR-TX_3-3
Added Pin To Net: NetName=GND Pin=AFBR-TX_3-5
Added Pin To Net: NetName=GND Pin=AFBR-TX_3-8
Added Pin To Net: NetName=GND Pin=C1_1-2
Added Pin To Net: NetName=GND Pin=C1_2-2
Added Pin To Net: NetName=GND Pin=C1_3-2
Added Pin To Net: NetName=GND Pin=C1_4-2
Added Pin To Net: NetName=GND Pin=C1_5-2
Added Pin To Net: NetName=GND Pin=C1_6-2
Added Pin To Net: NetName=GND Pin=C2_1-2
Added Pin To Net: NetName=GND Pin=C2_2-2
Added Pin To Net: NetName=GND Pin=C2_3-2
Added Pin To Net: NetName=GND Pin=C2_4-2
Added Pin To Net: NetName=GND Pin=C2_5-2
Added Pin To Net: NetName=GND Pin=C2_6-2
Added Pin To Net: NetName=GND Pin=C3_1-2
Added Pin To Net: NetName=GND Pin=C3_2-2
Added Pin To Net: NetName=GND Pin=C3_3-2
Added Pin To Net: NetName=GND Pin=C3_4-2
Added Pin To Net: NetName=GND Pin=C3_5-2
Added Pin To Net: NetName=GND Pin=C3_6-2
Added Pin To Net: NetName=GND Pin=C4_1-2
Added Pin To Net: NetName=GND Pin=C4_2-2
Added Pin To Net: NetName=GND Pin=C4_3-2
Added Pin To Net: NetName=GND Pin=C5_1-2
Added Pin To Net: NetName=GND Pin=C5_2-2
Added Pin To Net: NetName=GND Pin=C5_3-2
Added Pin To Net: NetName=GND Pin=C6_1-2
Added Pin To Net: NetName=GND Pin=C6_2-2
Added Pin To Net: NetName=GND Pin=C6_3-2
Added Pin To Net: NetName=GND Pin=C_J1-2
Added Pin To Net: NetName=GND Pin=D_J1-A
Added Pin To Net: NetName=GND Pin=GND_3_1-1
Added Pin To Net: NetName=GND Pin=GND_3_2-1
Added Pin To Net: NetName=GND Pin=GND_3_3-1
Added Pin To Net: NetName=GND Pin=GND_6_1-1
Added Pin To Net: NetName=GND Pin=GND_6_2-1
Added Pin To Net: NetName=GND Pin=GND_6_3-1
Added Pin To Net: NetName=GND Pin=GND_6_4-1
Added Pin To Net: NetName=GND Pin=GND_6_5-1
Added Pin To Net: NetName=GND Pin=GND_6_6-1
Added Pin To Net: NetName=GND Pin=J1-2
Added Net: Name=GND
Added Pin To Net: NetName=LEDact Pin=J60-39
Added Net: Name=LEDact
Added Pin To Net: NetName=NetAFBR-RX_1_1 Pin=AFBR-RX_1-1
Added Pin To Net: NetName=NetAFBR-RX_1_1 Pin=R2_1-1
Added Net: Name=NetAFBR-RX_1_1
Added Pin To Net: NetName=NetAFBR-RX_2_1 Pin=AFBR-RX_2-1
Added Pin To Net: NetName=NetAFBR-RX_2_1 Pin=R2_2-1
Added Net: Name=NetAFBR-RX_2_1
Added Pin To Net: NetName=NetAFBR-RX_3_1 Pin=AFBR-RX_3-1
Added Pin To Net: NetName=NetAFBR-RX_3_1 Pin=R2_3-1
Added Net: Name=NetAFBR-RX_3_1
Added Pin To Net: NetName=NetAFBR-RX_4_1 Pin=AFBR-RX_4-1
Added Pin To Net: NetName=NetAFBR-RX_4_1 Pin=R2_4-1
Added Net: Name=NetAFBR-RX_4_1
Added Pin To Net: NetName=NetAFBR-RX_5_1 Pin=AFBR-RX_5-1
Added Pin To Net: NetName=NetAFBR-RX_5_1 Pin=R2_5-1
Added Net: Name=NetAFBR-RX_5_1
Added Pin To Net: NetName=NetAFBR-RX_6_1 Pin=AFBR-RX_6-1
Added Pin To Net: NetName=NetAFBR-RX_6_1 Pin=R2_6-1
Added Net: Name=NetAFBR-RX_6_1
Added Pin To Net: NetName=NetAFBR-TX_1_4 Pin=AFBR-TX_1-4
Added Pin To Net: NetName=NetAFBR-TX_1_4 Pin=C6_1-1
Added Pin To Net: NetName=NetAFBR-TX_1_4 Pin=MES_?_1-1
Added Pin To Net: NetName=NetAFBR-TX_1_4 Pin=R?_1-1
Added Net: Name=NetAFBR-TX_1_4
Added Pin To Net: NetName=NetAFBR-TX_2_4 Pin=AFBR-TX_2-4
Added Pin To Net: NetName=NetAFBR-TX_2_4 Pin=C6_2-1
Added Pin To Net: NetName=NetAFBR-TX_2_4 Pin=MES_?_2-1
Added Pin To Net: NetName=NetAFBR-TX_2_4 Pin=R?_2-1
Added Net: Name=NetAFBR-TX_2_4
Added Pin To Net: NetName=NetAFBR-TX_3_4 Pin=AFBR-TX_3-4
Added Pin To Net: NetName=NetAFBR-TX_3_4 Pin=C6_3-1
Added Pin To Net: NetName=NetAFBR-TX_3_4 Pin=MES_?_3-1
Added Pin To Net: NetName=NetAFBR-TX_3_4 Pin=R?_3-1
Added Net: Name=NetAFBR-TX_3_4
Added Pin To Net: NetName=NetR_Isns1_1 Pin=R_Isns1-1
Added Pin To Net: NetName=NetR_Isns1_1 Pin=RJ_Isns1-8
Added Net: Name=NetR_Isns1_1
Added Pin To Net: NetName=NetR_Isns2_1 Pin=R_Isns2-1
Added Pin To Net: NetName=NetR_Isns2_1 Pin=RJ_Isns2-8
Added Net: Name=NetR_Isns2_1
Added Pin To Net: NetName=NetR_Isns3_1 Pin=R_Isns3-1
Added Pin To Net: NetName=NetR_Isns3_1 Pin=RJ_Isns3-8
Added Net: Name=NetR_Isns3_1
Added Pin To Net: NetName=NetR_Vdc_1 Pin=R_Vdc-1
Added Pin To Net: NetName=NetR_Vdc_1 Pin=RJ_Vdc-8
Added Net: Name=NetR_Vdc_1
Added Pin To Net: NetName=NetR_Vsns1_1 Pin=R_Vsns1-1
Added Pin To Net: NetName=NetR_Vsns1_1 Pin=RJ_Vsns1-8
Added Net: Name=NetR_Vsns1_1
Added Pin To Net: NetName=NetR_Vsns2_1 Pin=R_Vsns2-1
Added Pin To Net: NetName=NetR_Vsns2_1 Pin=RJ_Vsns2-8
Added Net: Name=NetR_Vsns2_1
Added Pin To Net: NetName=NetR_Vsns3_1 Pin=R_Vsns3-1
Added Pin To Net: NetName=NetR_Vsns3_1 Pin=RJ_Vsns3-8
Added Net: Name=NetR_Vsns3_1
Added Pin To Net: NetName=OCPn Pin=J60-37
Added Net: Name=OCPn
Added Pin To Net: NetName=PGood_EN Pin=J60-38
Added Net: Name=PGood_EN
Added Pin To Net: NetName=Shield Pin=R_Isns1-2
Added Pin To Net: NetName=Shield Pin=R_Isns2-2
Added Pin To Net: NetName=Shield Pin=R_Isns3-2
Added Pin To Net: NetName=Shield Pin=R_Shield-1
Added Pin To Net: NetName=Shield Pin=R_Vdc-2
Added Pin To Net: NetName=Shield Pin=R_Vsns1-2
Added Pin To Net: NetName=Shield Pin=R_Vsns2-2
Added Pin To Net: NetName=Shield Pin=R_Vsns3-2
Added Net: Name=Shield
Added Pin To Net: NetName=Signal_Isns1 Pin=J60-32
Added Pin To Net: NetName=Signal_Isns1 Pin=RJ_Isns1-5
Added Net: Name=Signal_Isns1
Added Pin To Net: NetName=Signal_Isns2 Pin=J60-34
Added Pin To Net: NetName=Signal_Isns2 Pin=RJ_Isns2-5
Added Net: Name=Signal_Isns2
Added Pin To Net: NetName=Signal_Isns3 Pin=J60-36
Added Pin To Net: NetName=Signal_Isns3 Pin=RJ_Isns3-5
Added Net: Name=Signal_Isns3
Added Pin To Net: NetName=Signal_Vdc Pin=J60-22
Added Pin To Net: NetName=Signal_Vdc Pin=RJ_Vdc-5
Added Net: Name=Signal_Vdc
Added Pin To Net: NetName=Signal_Vsns1 Pin=J60-24
Added Pin To Net: NetName=Signal_Vsns1 Pin=RJ_Vsns1-5
Added Net: Name=Signal_Vsns1
Added Pin To Net: NetName=Signal_Vsns2 Pin=J60-26
Added Pin To Net: NetName=Signal_Vsns2 Pin=RJ_Vsns2-5
Added Net: Name=Signal_Vsns2
Added Pin To Net: NetName=Signal_Vsns3 Pin=J60-28
Added Pin To Net: NetName=Signal_Vsns3 Pin=RJ_Vsns3-5
Added Net: Name=Signal_Vsns3
Added Pin To Net: NetName=Tsns Pin=J60-40
Added Net: Name=Tsns
Added Member To Class: ClassName=AFBR-RX1 Member=Component AFBR-RX_1 (AFBR-RX) AFBR-2539Z
Added Member To Class: ClassName=AFBR-RX2 Member=Component AFBR-RX_2 (AFBR-RX) AFBR-2539Z
Added Member To Class: ClassName=AFBR-RX3 Member=Component AFBR-RX_3 (AFBR-RX) AFBR-2539Z
Added Member To Class: ClassName=AFBR-RX4 Member=Component AFBR-RX_4 (AFBR-RX) AFBR-2539Z
Added Member To Class: ClassName=AFBR-RX5 Member=Component AFBR-RX_5 (AFBR-RX) AFBR-2539Z
Added Member To Class: ClassName=AFBR-RX6 Member=Component AFBR-RX_6 (AFBR-RX) AFBR-2539Z
Added Member To Class: ClassName=AFBR-TX1 Member=Component AFBR-TX_1 (AFBR-TX) AFBR-2539Z
Added Member To Class: ClassName=AFBR-TX2 Member=Component AFBR-TX_2 (AFBR-TX) AFBR-2539Z
Added Member To Class: ClassName=AFBR-TX3 Member=Component AFBR-TX_3 (AFBR-TX) AFBR-2539Z
Added Member To Class: ClassName=AFBR-RX1 Member=Component C1_1 (C1) 10uF
Added Member To Class: ClassName=AFBR-RX2 Member=Component C1_2 (C1) 10uF
Added Member To Class: ClassName=AFBR-RX3 Member=Component C1_3 (C1) 10uF
Added Member To Class: ClassName=AFBR-RX4 Member=Component C1_4 (C1) 10uF
Added Member To Class: ClassName=AFBR-RX5 Member=Component C1_5 (C1) 10uF
Added Member To Class: ClassName=AFBR-RX6 Member=Component C1_6 (C1) 10uF
Added Member To Class: ClassName=AFBR-RX1 Member=Component C2_1 (C2) 100nF
Added Member To Class: ClassName=AFBR-RX2 Member=Component C2_2 (C2) 100nF
Added Member To Class: ClassName=AFBR-RX3 Member=Component C2_3 (C2) 100nF
Added Member To Class: ClassName=AFBR-RX4 Member=Component C2_4 (C2) 100nF
Added Member To Class: ClassName=AFBR-RX5 Member=Component C2_5 (C2) 100nF
Added Member To Class: ClassName=AFBR-RX6 Member=Component C2_6 (C2) 100nF
Added Member To Class: ClassName=AFBR-RX1 Member=Component C3_1 (C3) 10pF
Added Member To Class: ClassName=AFBR-RX2 Member=Component C3_2 (C3) 10pF
Added Member To Class: ClassName=AFBR-RX3 Member=Component C3_3 (C3) 10pF
Added Member To Class: ClassName=AFBR-RX4 Member=Component C3_4 (C3) 10pF
Added Member To Class: ClassName=AFBR-RX5 Member=Component C3_5 (C3) 10pF
Added Member To Class: ClassName=AFBR-RX6 Member=Component C3_6 (C3) 10pF
Added Member To Class: ClassName=AFBR-TX1 Member=Component C4_1 (C4) 10uF
Added Member To Class: ClassName=AFBR-TX2 Member=Component C4_2 (C4) 10uF
Added Member To Class: ClassName=AFBR-TX3 Member=Component C4_3 (C4) 10uF
Added Member To Class: ClassName=AFBR-TX1 Member=Component C5_1 (C5) 100nF
Added Member To Class: ClassName=AFBR-TX2 Member=Component C5_2 (C5) 100nF
Added Member To Class: ClassName=AFBR-TX3 Member=Component C5_3 (C5) 100nF
Added Member To Class: ClassName=AFBR-TX1 Member=Component C6_1 (C6) 10pF
Added Member To Class: ClassName=AFBR-TX2 Member=Component C6_2 (C6) 10pF
Added Member To Class: ClassName=AFBR-TX3 Member=Component C6_3 (C6) 10pF
Added Member To Class: ClassName=Fibre-Optic-Interface_main Member=Component C_J1 10uF
Added Member To Class: ClassName=Fibre-Optic-Interface_main Member=Component D_J1 DIODE_ZENER
Added Member To Class: ClassName=AFBR-TX1 Member=Component GND_3_1 (GND_3) PK_1
Added Member To Class: ClassName=AFBR-TX2 Member=Component GND_3_2 (GND_3) PK_1
Added Member To Class: ClassName=AFBR-TX3 Member=Component GND_3_3 (GND_3) PK_1
Added Member To Class: ClassName=AFBR-RX1 Member=Component GND_6_1 (GND_6) PK_1
Added Member To Class: ClassName=AFBR-RX2 Member=Component GND_6_2 (GND_6) PK_1
Added Member To Class: ClassName=AFBR-RX3 Member=Component GND_6_3 (GND_6) PK_1
Added Member To Class: ClassName=AFBR-RX4 Member=Component GND_6_4 (GND_6) PK_1
Added Member To Class: ClassName=AFBR-RX5 Member=Component GND_6_5 (GND_6) PK_1
Added Member To Class: ClassName=AFBR-RX6 Member=Component GND_6_6 (GND_6) PK_1
Added Member To Class: ClassName=Fibre-Optic-Interface_main Member=Component J1 Header_2
Added Member To Class: ClassName=Fibre-Optic-Interface_main Member=Component J60 MEC1-120-02-F-D-EM2
Added Member To Class: ClassName=AFBR-RX1 Member=Component MES_6_1 (MES_6) PK_1
Added Member To Class: ClassName=AFBR-RX2 Member=Component MES_6_2 (MES_6) PK_1
Added Member To Class: ClassName=AFBR-RX3 Member=Component MES_6_3 (MES_6) PK_1
Added Member To Class: ClassName=AFBR-RX4 Member=Component MES_6_4 (MES_6) PK_1
Added Member To Class: ClassName=AFBR-RX5 Member=Component MES_6_5 (MES_6) PK_1
Added Member To Class: ClassName=AFBR-RX6 Member=Component MES_6_6 (MES_6) PK_1
Added Member To Class: ClassName=AFBR-TX1 Member=Component MES_?_1 (MES_?) PK_1
Added Member To Class: ClassName=AFBR-TX2 Member=Component MES_?_2 (MES_?) PK_1
Added Member To Class: ClassName=AFBR-TX3 Member=Component MES_?_3 (MES_?) PK_1
Added Member To Class: ClassName=AFBR-RX1 Member=Component R2_1 (R2) 100R
Added Member To Class: ClassName=AFBR-RX2 Member=Component R2_2 (R2) 100R
Added Member To Class: ClassName=AFBR-RX3 Member=Component R2_3 (R2) 100R
Added Member To Class: ClassName=AFBR-RX4 Member=Component R2_4 (R2) 100R
Added Member To Class: ClassName=AFBR-RX5 Member=Component R2_5 (R2) 100R
Added Member To Class: ClassName=AFBR-RX6 Member=Component R2_6 (R2) 100R
Added Member To Class: ClassName=AFBR-TX1 Member=Component R3_1 (R3) 4.7k
Added Member To Class: ClassName=AFBR-TX2 Member=Component R3_2 (R3) 4.7k
Added Member To Class: ClassName=AFBR-TX3 Member=Component R3_3 (R3) 4.7k
Added Member To Class: ClassName=AFBR-TX1 Member=Component R?_1 (R?) 100R
Added Member To Class: ClassName=AFBR-TX2 Member=Component R?_2 (R?) 100R
Added Member To Class: ClassName=AFBR-TX3 Member=Component R?_3 (R?) 100R
Added Member To Class: ClassName=Fibre-Optic-Interface_main Member=Component R_Isns1 0
Added Member To Class: ClassName=Fibre-Optic-Interface_main Member=Component R_Isns2 0
Added Member To Class: ClassName=Fibre-Optic-Interface_main Member=Component R_Isns3 0
Added Member To Class: ClassName=Fibre-Optic-Interface_main Member=Component R_Shield 0
Added Member To Class: ClassName=Fibre-Optic-Interface_main Member=Component R_Vdc 0
Added Member To Class: ClassName=Fibre-Optic-Interface_main Member=Component R_Vsns1 0
Added Member To Class: ClassName=Fibre-Optic-Interface_main Member=Component R_Vsns2 0
Added Member To Class: ClassName=Fibre-Optic-Interface_main Member=Component R_Vsns3 0
Added Member To Class: ClassName=Fibre-Optic-Interface_main Member=Component RJ_Isns1 4-338088-3
Added Member To Class: ClassName=Fibre-Optic-Interface_main Member=Component RJ_Isns2 4-338088-3
Added Member To Class: ClassName=Fibre-Optic-Interface_main Member=Component RJ_Isns3 4-338088-3
Added Member To Class: ClassName=Fibre-Optic-Interface_main Member=Component RJ_Vdc 4-338088-3
Added Member To Class: ClassName=Fibre-Optic-Interface_main Member=Component RJ_Vsns1 4-338088-3
Added Member To Class: ClassName=Fibre-Optic-Interface_main Member=Component RJ_Vsns2 4-338088-3
Added Member To Class: ClassName=Fibre-Optic-Interface_main Member=Component RJ_Vsns3 4-338088-3
