Change Component Footprint: Designator=C2 Old Footprint=0603C New Footprint=0603
Change Component Footprint: Designator=C2 Old Footprint=0603C New Footprint=0603
Change Component Footprint: Designator=C2 Old Footprint=0603C New Footprint=0603
Change Component Footprint: Designator=C2 Old Footprint=0603C New Footprint=0603
Change Component Footprint: Designator=C2 Old Footprint=0603C New Footprint=0603
Change Component Footprint: Designator=C2 Old Footprint=0603C New Footprint=0603
Change Component Footprint: Designator=C3 Old Footprint=0603C New Footprint=0603
Change Component Footprint: Designator=C3 Old Footprint=0603C New Footprint=0603
Change Component Footprint: Designator=C3 Old Footprint=0603C New Footprint=0603
Change Component Footprint: Designator=C3 Old Footprint=0603C New Footprint=0603
Change Component Footprint: Designator=C3 Old Footprint=0603C New Footprint=0603
Change Component Footprint: Designator=C3 Old Footprint=0603C New Footprint=0603
Change Component Footprint: Designator=C5 Old Footprint=0603C New Footprint=0603
Change Component Footprint: Designator=C5 Old Footprint=0603C New Footprint=0603
Change Component Footprint: Designator=C5 Old Footprint=0603C New Footprint=0603
Change Component Footprint: Designator=C6 Old Footprint=0603C New Footprint=0603
Change Component Footprint: Designator=C6 Old Footprint=0603C New Footprint=0603
Change Component Footprint: Designator=C6 Old Footprint=0603C New Footprint=0603
Change Component Footprint: Designator=C_J1 Old Footprint=0603C New Footprint=0603
Change Component Footprint: Designator=R1 Old Footprint=0603R New Footprint=0603
Change Component Footprint: Designator=R1 Old Footprint=0603R New Footprint=0603
Change Component Footprint: Designator=R1 Old Footprint=0603R New Footprint=0603
Change Component Footprint: Designator=R2 Old Footprint=0603R New Footprint=0603
Change Component Footprint: Designator=R2 Old Footprint=0603R New Footprint=0603
Change Component Footprint: Designator=R2 Old Footprint=0603R New Footprint=0603
Change Component Footprint: Designator=R2 Old Footprint=0603R New Footprint=0603
Change Component Footprint: Designator=R2 Old Footprint=0603R New Footprint=0603
Change Component Footprint: Designator=R2 Old Footprint=0603R New Footprint=0603
Change Component Footprint: Designator=R3 Old Footprint=0603R New Footprint=0603
Change Component Footprint: Designator=R3 Old Footprint=0603R New Footprint=0603
Change Component Footprint: Designator=R3 Old Footprint=0603R New Footprint=0603
Change Component Footprint: Designator=R_GND Old Footprint=0603R New Footprint=0603
Change Component Footprint: Designator=R_Isns1 Old Footprint=0603R New Footprint=0603
Change Component Footprint: Designator=R_Isns2 Old Footprint=0603R New Footprint=0603
Change Component Footprint: Designator=R_Isns3 Old Footprint=0603R New Footprint=0603
Change Component Footprint: Designator=R_Shield Old Footprint=0603R New Footprint=0603
Change Component Footprint: Designator=R_Vdc Old Footprint=0603R New Footprint=0603
Change Component Footprint: Designator=R_Vsns1 Old Footprint=0603R New Footprint=0603
Change Component Footprint: Designator=R_Vsns2 Old Footprint=0603R New Footprint=0603
Change Component Footprint: Designator=R_Vsns3 Old Footprint=0603R New Footprint=0603
